\BOOKMARK [1][-]{section.0.1}{Loaded Graphs}{}% 1
\BOOKMARK [2][-]{subsection.0.1.1}{Goal}{section.0.1}% 2
\BOOKMARK [2][-]{subsection.0.1.2}{Start}{section.0.1}% 3
\BOOKMARK [1][-]{section.0.2}{Loaded Rules}{}% 4
\BOOKMARK [2][-]{subsection.0.2.1}{Mark for conversion}{section.0.2}% 5
\BOOKMARK [2][-]{subsection.0.2.2}{RemoveSingleR}{section.0.2}% 6
\BOOKMARK [2][-]{subsection.0.2.3}{reattachExternalEdge}{section.0.2}% 7
\BOOKMARK [2][-]{subsection.0.2.4}{removeInterREdge}{section.0.2}% 8
\BOOKMARK [2][-]{subsection.0.2.5}{unmarkCollapsedNode}{section.0.2}% 9
\BOOKMARK [2][-]{subsection.0.2.6}{DG Hyper, dg\1370}{section.0.2}% 10
\BOOKMARK [1][-]{section.0.3}{Product Graphs}{}% 11
\BOOKMARK [2][-]{subsection.0.3.1}{p\137\1730,0\175}{section.0.3}% 12
\BOOKMARK [2][-]{subsection.0.3.2}{p\137\1730,1\175}{section.0.3}% 13
\BOOKMARK [2][-]{subsection.0.3.3}{p\137\1730,2\175}{section.0.3}% 14
\BOOKMARK [2][-]{subsection.0.3.4}{p\137\1730,3\175}{section.0.3}% 15
\BOOKMARK [2][-]{subsection.0.3.5}{p\137\1730,4\175}{section.0.3}% 16
\BOOKMARK [2][-]{subsection.0.3.6}{p\137\1730,5\175}{section.0.3}% 17
\BOOKMARK [2][-]{subsection.0.3.7}{p\137\1730,6\175}{section.0.3}% 18
\BOOKMARK [2][-]{subsection.0.3.8}{p\137\1730,7\175}{section.0.3}% 19
\BOOKMARK [2][-]{subsection.0.3.9}{p\137\1730,8\175}{section.0.3}% 20
\BOOKMARK [2][-]{subsection.0.3.10}{p\137\1730,9\175}{section.0.3}% 21
\BOOKMARK [2][-]{subsection.0.3.11}{p\137\1730,10\175}{section.0.3}% 22
\BOOKMARK [2][-]{subsection.0.3.12}{p\137\1730,11\175}{section.0.3}% 23
\BOOKMARK [2][-]{subsection.0.3.13}{p\137\1730,12\175}{section.0.3}% 24
\BOOKMARK [2][-]{subsection.0.3.14}{p\137\1730,13\175}{section.0.3}% 25
\BOOKMARK [2][-]{subsection.0.3.15}{p\137\1730,14\175}{section.0.3}% 26
\BOOKMARK [2][-]{subsection.0.3.16}{p\137\1730,15\175}{section.0.3}% 27
\BOOKMARK [2][-]{subsection.0.3.17}{p\137\1730,16\175}{section.0.3}% 28
\BOOKMARK [2][-]{subsection.0.3.18}{p\137\1730,17\175}{section.0.3}% 29
\BOOKMARK [2][-]{subsection.0.3.19}{p\137\1730,18\175}{section.0.3}% 30
\BOOKMARK [2][-]{subsection.0.3.20}{p\137\1730,19\175}{section.0.3}% 31
\BOOKMARK [2][-]{subsection.0.3.21}{p\137\1730,20\175}{section.0.3}% 32
\BOOKMARK [2][-]{subsection.0.3.22}{p\137\1730,21\175}{section.0.3}% 33
\BOOKMARK [2][-]{subsection.0.3.23}{p\137\1730,22\175}{section.0.3}% 34
\BOOKMARK [2][-]{subsection.0.3.24}{p\137\1730,23\175}{section.0.3}% 35
\BOOKMARK [2][-]{subsection.0.3.25}{p\137\1730,24\175}{section.0.3}% 36
\BOOKMARK [2][-]{subsection.0.3.26}{p\137\1730,25\175}{section.0.3}% 37
\BOOKMARK [2][-]{subsection.0.3.27}{p\137\1730,26\175}{section.0.3}% 38
\BOOKMARK [2][-]{subsection.0.3.28}{p\137\1730,27\175}{section.0.3}% 39
\BOOKMARK [2][-]{subsection.0.3.29}{p\137\1730,28\175}{section.0.3}% 40
\BOOKMARK [2][-]{subsection.0.3.30}{p\137\1730,29\175}{section.0.3}% 41
\BOOKMARK [2][-]{subsection.0.3.31}{p\137\1730,30\175}{section.0.3}% 42
\BOOKMARK [2][-]{subsection.0.3.32}{p\137\1730,31\175}{section.0.3}% 43
\BOOKMARK [2][-]{subsection.0.3.33}{p\137\1730,32\175}{section.0.3}% 44
\BOOKMARK [2][-]{subsection.0.3.34}{p\137\1730,33\175}{section.0.3}% 45
\BOOKMARK [2][-]{subsection.0.3.35}{p\137\1730,34\175}{section.0.3}% 46
\BOOKMARK [2][-]{subsection.0.3.36}{p\137\1730,35\175}{section.0.3}% 47
\BOOKMARK [2][-]{subsection.0.3.37}{p\137\1730,36\175}{section.0.3}% 48
\BOOKMARK [2][-]{subsection.0.3.38}{p\137\1730,37\175}{section.0.3}% 49
\BOOKMARK [2][-]{subsection.0.3.39}{p\137\1730,38\175}{section.0.3}% 50
\BOOKMARK [2][-]{subsection.0.3.40}{p\137\1730,39\175}{section.0.3}% 51
\BOOKMARK [2][-]{subsection.0.3.41}{p\137\1730,40\175}{section.0.3}% 52
\BOOKMARK [2][-]{subsection.0.3.42}{p\137\1730,41\175}{section.0.3}% 53
\BOOKMARK [2][-]{subsection.0.3.43}{p\137\1730,42\175}{section.0.3}% 54
\BOOKMARK [2][-]{subsection.0.3.44}{p\137\1730,43\175}{section.0.3}% 55
\BOOKMARK [2][-]{subsection.0.3.45}{p\137\1730,44\175}{section.0.3}% 56
\BOOKMARK [2][-]{subsection.0.3.46}{p\137\1730,45\175}{section.0.3}% 57
\BOOKMARK [2][-]{subsection.0.3.47}{p\137\1730,46\175}{section.0.3}% 58
\BOOKMARK [2][-]{subsection.0.3.48}{p\137\1730,47\175}{section.0.3}% 59
\BOOKMARK [2][-]{subsection.0.3.49}{p\137\1730,48\175}{section.0.3}% 60
\BOOKMARK [2][-]{subsection.0.3.50}{p\137\1730,49\175}{section.0.3}% 61
\BOOKMARK [2][-]{subsection.0.3.51}{p\137\1730,50\175}{section.0.3}% 62
\BOOKMARK [2][-]{subsection.0.3.52}{p\137\1730,51\175}{section.0.3}% 63
\BOOKMARK [2][-]{subsection.0.3.53}{p\137\1730,52\175}{section.0.3}% 64
\BOOKMARK [2][-]{subsection.0.3.54}{p\137\1730,53\175}{section.0.3}% 65
\BOOKMARK [2][-]{subsection.0.3.55}{p\137\1730,54\175}{section.0.3}% 66
\BOOKMARK [2][-]{subsection.0.3.56}{p\137\1730,55\175}{section.0.3}% 67
\BOOKMARK [2][-]{subsection.0.3.57}{p\137\1730,56\175}{section.0.3}% 68
\BOOKMARK [2][-]{subsection.0.3.58}{p\137\1730,57\175}{section.0.3}% 69
\BOOKMARK [2][-]{subsection.0.3.59}{p\137\1730,58\175}{section.0.3}% 70
\BOOKMARK [2][-]{subsection.0.3.60}{p\137\1730,59\175}{section.0.3}% 71
\BOOKMARK [2][-]{subsection.0.3.61}{p\137\1730,60\175}{section.0.3}% 72
\BOOKMARK [2][-]{subsection.0.3.62}{p\137\1730,61\175}{section.0.3}% 73
\BOOKMARK [2][-]{subsection.0.3.63}{p\137\1730,62\175}{section.0.3}% 74
\BOOKMARK [2][-]{subsection.0.3.64}{p\137\1730,63\175}{section.0.3}% 75
\BOOKMARK [2][-]{subsection.0.3.65}{p\137\1730,64\175}{section.0.3}% 76
\BOOKMARK [2][-]{subsection.0.3.66}{p\137\1730,65\175}{section.0.3}% 77
\BOOKMARK [2][-]{subsection.0.3.67}{p\137\1730,66\175}{section.0.3}% 78
\BOOKMARK [1][-]{section.0.4}{Flow Solutions, id 0}{}% 79
